<?xml version="1.0" encoding="UTF-8"?>
<testng-results ignored="0" total="1" passed="1" failed="0" skipped="0">
  <reporter-output>
  </reporter-output>
  <suite started-at="2024-01-02T18:04:53 CET" name="Suite" finished-at="2024-01-02T18:05:01 CET" duration-ms="8046">
    <groups>
    </groups>
    <test started-at="2024-01-02T18:04:53 CET" name="Test" finished-at="2024-01-02T18:05:01 CET" duration-ms="8046">
      <class name="com.training.qa.selenium_training.Case1">
        <test-method is-config="true" signature="beforeClass()[pri:0, instance:com.training.qa.selenium_training.Case1@52102734]" started-at="2024-01-02T18:04:53 CET" name="beforeClass" finished-at="2024-01-02T18:04:57 CET" duration-ms="3754" status="PASS">
          <reporter-output>
          </reporter-output>
        </test-method> <!-- beforeClass -->
        <test-method signature="openMyBlog()[pri:0, instance:com.training.qa.selenium_training.Case1@52102734]" started-at="2024-01-02T18:04:57 CET" name="openMyBlog" finished-at="2024-01-02T18:05:01 CET" duration-ms="3843" status="PASS">
          <reporter-output>
          </reporter-output>
        </test-method> <!-- openMyBlog -->
        <test-method is-config="true" signature="afterClass()[pri:0, instance:com.training.qa.selenium_training.Case1@52102734]" started-at="2024-01-02T18:05:01 CET" name="afterClass" finished-at="2024-01-02T18:05:01 CET" duration-ms="374" status="PASS">
          <reporter-output>
          </reporter-output>
        </test-method> <!-- afterClass -->
      </class> <!-- com.training.qa.selenium_training.Case1 -->
    </test> <!-- Test -->
  </suite> <!-- Suite -->
</testng-results>
