<?xml version="1.0" encoding="UTF-8"?>
<testng-results ignored="0" total="1" passed="1" failed="0" skipped="0">
  <reporter-output>
  </reporter-output>
  <suite started-at="2024-01-02T18:12:34 CET" name="Default suite" finished-at="2024-01-02T18:12:38 CET" duration-ms="4665">
    <groups>
    </groups>
    <test started-at="2024-01-02T18:12:34 CET" name="Default test" finished-at="2024-01-02T18:12:38 CET" duration-ms="4665">
      <class name="com.training.qa.selenium_training.Case1">
        <test-method is-config="true" signature="beforeClass()[pri:0, instance:com.training.qa.selenium_training.Case1@4145bad8]" started-at="2024-01-02T18:12:34 CET" name="beforeClass" finished-at="2024-01-02T18:12:37 CET" duration-ms="3197" status="PASS">
          <reporter-output>
          </reporter-output>
        </test-method> <!-- beforeClass -->
        <test-method signature="openMyBlog()[pri:0, instance:com.training.qa.selenium_training.Case1@4145bad8]" started-at="2024-01-02T18:12:37 CET" name="openMyBlog" finished-at="2024-01-02T18:12:38 CET" duration-ms="1024" status="PASS">
          <reporter-output>
          </reporter-output>
        </test-method> <!-- openMyBlog -->
        <test-method is-config="true" signature="afterClass()[pri:0, instance:com.training.qa.selenium_training.Case1@4145bad8]" started-at="2024-01-02T18:12:38 CET" name="afterClass" finished-at="2024-01-02T18:12:38 CET" duration-ms="367" status="PASS">
          <reporter-output>
          </reporter-output>
        </test-method> <!-- afterClass -->
      </class> <!-- com.training.qa.selenium_training.Case1 -->
    </test> <!-- Default test -->
  </suite> <!-- Default suite -->
</testng-results>
